<?xml version="1.0" encoding="UTF-8"?>
<testng-results ignored="0" total="1" passed="1" failed="0" skipped="0">
  <reporter-output>
  </reporter-output>
  <suite started-at="2024-02-03T14:05:23 IST" name="Default suite" finished-at="2024-02-03T14:05:37 IST" duration-ms="13806">
    <groups>
    </groups>
    <test started-at="2024-02-03T14:05:23 IST" name="Default test" finished-at="2024-02-03T14:05:37 IST" duration-ms="13806">
      <class name="Assertion.HardAndSoftAssert">
        <test-method signature="dws()[pri:0, instance:Assertion.HardAndSoftAssert@909217e]" started-at="2024-02-03T14:05:23 IST" name="dws" finished-at="2024-02-03T14:05:37 IST" duration-ms="13723" status="PASS">
          <reporter-output>
          </reporter-output>
        </test-method> <!-- dws -->
      </class> <!-- Assertion.HardAndSoftAssert -->
    </test> <!-- Default test -->
  </suite> <!-- Default suite -->
</testng-results>
